c:\users\이재한\desktop\이재한\백준알고리즘\2208(220207)\2208(220207)\debug\vc142.pdb
c:\users\이재한\desktop\이재한\백준알고리즘\2208(220207)\2208(220207)\debug\vc142.idb
c:\users\이재한\desktop\이재한\백준알고리즘\2208(220207)\2208(220207)\debug\보석줍기.obj
c:\users\이재한\desktop\이재한\백준알고리즘\2208(220207)\2208(220207)\debug\보석줍기(new).obj
c:\users\이재한\desktop\이재한\백준알고리즘\백준-알고리즘\debug\2208(220207).exe
c:\users\이재한\desktop\이재한\백준알고리즘\2208(220207)\2208(220207)\debug\2208(220207).ilk
c:\users\이재한\desktop\이재한\백준알고리즘\백준-알고리즘\debug\2208(220207).pdb
c:\users\이재한\desktop\이재한\개인공부\백준알고리즘\2208(220207)\2208(220207)\debug\보석줍기(new).obj
c:\users\이재한\desktop\이재한\개인공부\백준알고리즘\2208(220207)\2208(220207)\debug\보석줍기.obj
c:\users\이재한\desktop\이재한\개인공부\백준알고리즘\2208(220207)\2208(220207)\debug\2208(220207).ilk
c:\users\이재한\desktop\이재한\개인공부\백준알고리즘\2208(220207)\2208(220207)\debug\vc142.idb
c:\users\이재한\desktop\이재한\개인공부\백준알고리즘\2208(220207)\2208(220207)\debug\vc142.pdb
c:\users\이재한\desktop\이재한\개인공부\백준알고리즘\백준-알고리즘\debug\2208(220207).pdb
c:\users\이재한\desktop\이재한\개인공부\백준알고리즘\백준-알고리즘\debug\2208(220207).exe
c:\users\이재한\desktop\이재한\개인공부\백준알고리즘\2208(220207)\2208(220207)\debug\2208(220207).tlog\cl.command.1.tlog
c:\users\이재한\desktop\이재한\개인공부\백준알고리즘\2208(220207)\2208(220207)\debug\2208(220207).tlog\cl.read.1.tlog
c:\users\이재한\desktop\이재한\개인공부\백준알고리즘\2208(220207)\2208(220207)\debug\2208(220207).tlog\cl.write.1.tlog
c:\users\이재한\desktop\이재한\개인공부\백준알고리즘\2208(220207)\2208(220207)\debug\2208(220207).tlog\link.command.1.tlog
c:\users\이재한\desktop\이재한\개인공부\백준알고리즘\2208(220207)\2208(220207)\debug\2208(220207).tlog\link.read.1.tlog
c:\users\이재한\desktop\이재한\개인공부\백준알고리즘\2208(220207)\2208(220207)\debug\2208(220207).tlog\link.write.1.tlog
