  2800.cpp
C:\Users\이재한\Desktop\이재한\개인공부\백준알고리즘\2800\2800.cpp(27,23): warning C4018: '<': signed 또는 unsigned가 일치하지 않습니다.
C:\Users\이재한\Desktop\이재한\개인공부\백준알고리즘\2800\2800.cpp(42,23): warning C4018: '<': signed 또는 unsigned가 일치하지 않습니다.
C:\Users\이재한\Desktop\이재한\개인공부\백준알고리즘\2800\2800.cpp(56,27): warning C4018: '<': signed 또는 unsigned가 일치하지 않습니다.
C:\Users\이재한\Desktop\이재한\개인공부\백준알고리즘\2800\2800.cpp(58,29): warning C4805: '==': 연산에 '_Ty' 형식과 'bool' 형식을 함께 사용하는 것은 안전하지 않습니다.
          with
          [
              _Ty=int
          ]
C:\Users\이재한\Desktop\이재한\개인공부\백준알고리즘\2800\2800.cpp(68,23): warning C4018: '<': signed 또는 unsigned가 일치하지 않습니다.
C:\Users\이재한\Desktop\이재한\개인공부\백준알고리즘\2800\2800.cpp(70,34): warning C4805: '==': 연산에 '_Ty' 형식과 'bool' 형식을 함께 사용하는 것은 안전하지 않습니다.
          with
          [
              _Ty=int
          ]
C:\Users\이재한\Desktop\이재한\개인공부\백준알고리즘\2800\2800.cpp(70,64): warning C4805: '==': 연산에 '_Ty' 형식과 'bool' 형식을 함께 사용하는 것은 안전하지 않습니다.
          with
          [
              _Ty=int
          ]
  2800.vcxproj -> C:\Users\이재한\Desktop\이재한\개인공부\백준알고리즘\백준-알고리즘\Debug\2800.exe
